#! /usr/local/bin/vvp
:ivl_version "12.0 (stable)";
:ivl_delay_selection "TYPICAL";
:vpi_time_precision - 12;
:vpi_module "/usr/local/lib/ivl/system.vpi";
:vpi_module "/usr/local/lib/ivl/vhdl_sys.vpi";
:vpi_module "/usr/local/lib/ivl/vhdl_textio.vpi";
:vpi_module "/usr/local/lib/ivl/v2005_math.vpi";
:vpi_module "/usr/local/lib/ivl/va_math.vpi";
:vpi_module "/usr/local/lib/ivl/v2009.vpi";
S_0x2ab49290 .scope package, "$unit" "$unit" 2 1;
 .timescale 0 0;
S_0x2ab5fd40 .scope module, "testbench" "testbench" 3 3;
 .timescale -9 -12;
v0x2ab94890_0 .net "LED", 2 0, L_0x2ab94f90;  1 drivers
v0x2ab949a0_0 .net "an", 7 0, v0x2ab92280_0;  1 drivers
v0x2ab94a40_0 .var "clk", 0 0;
v0x2ab94ae0_0 .var "f_f", 0 0;
v0x2ab94bd0_0 .var "g_f", 0 0;
v0x2ab94d10_0 .var "reset", 0 0;
v0x2ab94db0_0 .var "s_f", 0 0;
v0x2ab94ea0_0 .net "seg", 6 0, v0x2ab928f0_0;  1 drivers
E_0x2ab4e450 .event anyedge, v0x2ab92730_0, v0x2ab92380_0, v0x2ab93c60_0;
S_0x2ab5fed0 .scope module, "uut" "Elevator_Controller_Top" 3 11, 4 145 0, S_0x2ab5fd40;
 .timescale -9 -12;
    .port_info 0 /INPUT 1 "clk";
    .port_info 1 /INPUT 1 "reset";
    .port_info 2 /INPUT 1 "g_f";
    .port_info 3 /INPUT 1 "f_f";
    .port_info 4 /INPUT 1 "s_f";
    .port_info 5 /OUTPUT 3 "LED";
    .port_info 6 /OUTPUT 7 "seg";
    .port_info 7 /OUTPUT 8 "an";
v0x2ab93c60_0 .net "LED", 2 0, L_0x2ab94f90;  alias, 1 drivers
v0x2ab93d60_0 .net "an", 7 0, v0x2ab92280_0;  alias, 1 drivers
v0x2ab93e50_0 .net "c_f", 1 0, v0x2ab930a0_0;  1 drivers
v0x2ab93f20_0 .net "clk", 0 0, v0x2ab94a40_0;  1 drivers
v0x2ab94010_0 .net "clk_1Hz", 0 0, v0x2ab91b70_0;  1 drivers
v0x2ab94150_0 .net "f_LED", 0 0, v0x2ab93350_0;  1 drivers
v0x2ab941f0_0 .net "f_f", 0 0, v0x2ab94ae0_0;  1 drivers
v0x2ab94290_0 .net "g_LED", 0 0, v0x2ab93500_0;  1 drivers
v0x2ab94330_0 .net "g_f", 0 0, v0x2ab94bd0_0;  1 drivers
v0x2ab94460_0 .net "n_f", 1 0, v0x2ab93680_0;  1 drivers
v0x2ab94500_0 .net "reset", 0 0, v0x2ab94d10_0;  1 drivers
v0x2ab945f0_0 .net "s_LED", 0 0, v0x2ab93960_0;  1 drivers
v0x2ab94690_0 .net "s_f", 0 0, v0x2ab94db0_0;  1 drivers
v0x2ab94730_0 .net "seg", 6 0, v0x2ab928f0_0;  alias, 1 drivers
L_0x2ab94f90 .concat [ 1 1 1 0], v0x2ab93500_0, v0x2ab93350_0, v0x2ab93960_0;
S_0x2ab65020 .scope module, "clock_div" "Cntr_Unit" 4 161, 4 4 0, S_0x2ab5fed0;
 .timescale -9 -12;
    .port_info 0 /INPUT 1 "clk";
    .port_info 1 /INPUT 1 "reset";
    .port_info 2 /OUTPUT 1 "clk_1Hz";
v0x2ab593c0_0 .net "clk", 0 0, v0x2ab94a40_0;  alias, 1 drivers
v0x2ab91b70_0 .var "clk_1Hz", 0 0;
v0x2ab91c30_0 .var "counter", 3 0;
v0x2ab91d20_0 .net "reset", 0 0, v0x2ab94d10_0;  alias, 1 drivers
E_0x2ab685b0 .event posedge, v0x2ab91d20_0, v0x2ab593c0_0;
S_0x2ab91e60 .scope module, "display" "Disp_Unit" 4 180, 4 101 0, S_0x2ab5fed0;
 .timescale -9 -12;
    .port_info 0 /INPUT 1 "clk";
    .port_info 1 /INPUT 2 "c_f";
    .port_info 2 /INPUT 2 "n_f";
    .port_info 3 /OUTPUT 7 "seg";
    .port_info 4 /OUTPUT 8 "an";
v0x2ab92280_0 .var "an", 7 0;
v0x2ab92380_0 .net "c_f", 1 0, v0x2ab930a0_0;  alias, 1 drivers
v0x2ab92460_0 .net "clk", 0 0, v0x2ab94a40_0;  alias, 1 drivers
v0x2ab92560_0 .var "digit", 3 0;
v0x2ab92600_0 .net "display_select", 1 0, L_0x2ab95190;  1 drivers
v0x2ab92730_0 .net "n_f", 1 0, v0x2ab93680_0;  alias, 1 drivers
v0x2ab92810_0 .var "refresh_counter", 16 0;
v0x2ab928f0_0 .var "seg", 6 0;
E_0x2ab920f0 .event anyedge, v0x2ab92560_0;
E_0x2ab92150 .event anyedge, v0x2ab92600_0, v0x2ab92380_0, v0x2ab92730_0;
E_0x2ab921b0 .event anyedge, v0x2ab92600_0;
E_0x2ab92210 .event posedge, v0x2ab593c0_0;
L_0x2ab95190 .part v0x2ab92810_0, 15, 2;
S_0x2ab92a70 .scope module, "fsm" "FSM_Vending_Unit" 4 167, 4 26 0, S_0x2ab5fed0;
 .timescale -9 -12;
    .port_info 0 /INPUT 1 "clk";
    .port_info 1 /INPUT 1 "reset";
    .port_info 2 /INPUT 1 "g_f";
    .port_info 3 /INPUT 1 "f_f";
    .port_info 4 /INPUT 1 "s_f";
    .port_info 5 /OUTPUT 2 "c_f";
    .port_info 6 /OUTPUT 2 "n_f";
    .port_info 7 /OUTPUT 1 "g_LED";
    .port_info 8 /OUTPUT 1 "f_LED";
    .port_info 9 /OUTPUT 1 "s_LED";
P_0x2ab92c50 .param/l "S0" 0 4 38, C4<00>;
P_0x2ab92c90 .param/l "S1" 0 4 39, C4<01>;
P_0x2ab92cd0 .param/l "S2" 0 4 40, C4<10>;
v0x2ab930a0_0 .var "c_f", 1 0;
v0x2ab931b0_0 .net "clk", 0 0, v0x2ab91b70_0;  alias, 1 drivers
v0x2ab93280_0 .var "current_state", 1 0;
v0x2ab93350_0 .var "f_LED", 0 0;
v0x2ab933f0_0 .net "f_f", 0 0, v0x2ab94ae0_0;  alias, 1 drivers
v0x2ab93500_0 .var "g_LED", 0 0;
v0x2ab935c0_0 .net "g_f", 0 0, v0x2ab94bd0_0;  alias, 1 drivers
v0x2ab93680_0 .var "n_f", 1 0;
v0x2ab93740_0 .var "next_state", 1 0;
v0x2ab93890_0 .net "reset", 0 0, v0x2ab94d10_0;  alias, 1 drivers
v0x2ab93960_0 .var "s_LED", 0 0;
v0x2ab93a00_0 .net "s_f", 0 0, v0x2ab94db0_0;  alias, 1 drivers
E_0x2ab92fd0 .event anyedge, v0x2ab93280_0, v0x2ab935c0_0, v0x2ab933f0_0, v0x2ab93a00_0;
E_0x2ab93040 .event posedge, v0x2ab91d20_0, v0x2ab91b70_0;
    .scope S_0x2ab65020;
T_0 ;
    %wait E_0x2ab685b0;
    %load/vec4 v0x2ab91d20_0;
    %flag_set/vec4 8;
    %jmp/0xz  T_0.0, 8;
    %pushi/vec4 0, 0, 4;
    %assign/vec4 v0x2ab91c30_0, 0;
    %pushi/vec4 0, 0, 1;
    %assign/vec4 v0x2ab91b70_0, 0;
    %jmp T_0.1;
T_0.0 ;
    %load/vec4 v0x2ab91c30_0;
    %pad/u 32;
    %cmpi/e 9, 0, 32;
    %jmp/0xz  T_0.2, 4;
    %pushi/vec4 0, 0, 4;
    %assign/vec4 v0x2ab91c30_0, 0;
    %load/vec4 v0x2ab91b70_0;
    %inv;
    %assign/vec4 v0x2ab91b70_0, 0;
    %jmp T_0.3;
T_0.2 ;
    %load/vec4 v0x2ab91c30_0;
    %addi 1, 0, 4;
    %assign/vec4 v0x2ab91c30_0, 0;
T_0.3 ;
T_0.1 ;
    %jmp T_0;
    .thread T_0;
    .scope S_0x2ab92a70;
T_1 ;
    %wait E_0x2ab93040;
    %load/vec4 v0x2ab93890_0;
    %flag_set/vec4 8;
    %jmp/0xz  T_1.0, 8;
    %pushi/vec4 0, 0, 2;
    %assign/vec4 v0x2ab93280_0, 0;
    %jmp T_1.1;
T_1.0 ;
    %load/vec4 v0x2ab93740_0;
    %assign/vec4 v0x2ab93280_0, 0;
T_1.1 ;
    %jmp T_1;
    .thread T_1;
    .scope S_0x2ab92a70;
T_2 ;
    %wait E_0x2ab92fd0;
    %load/vec4 v0x2ab93280_0;
    %dup/vec4;
    %pushi/vec4 0, 0, 2;
    %cmp/u;
    %jmp/1 T_2.0, 6;
    %dup/vec4;
    %pushi/vec4 1, 0, 2;
    %cmp/u;
    %jmp/1 T_2.1, 6;
    %dup/vec4;
    %pushi/vec4 2, 0, 2;
    %cmp/u;
    %jmp/1 T_2.2, 6;
    %pushi/vec4 0, 0, 2;
    %store/vec4 v0x2ab93740_0, 0, 2;
    %jmp T_2.4;
T_2.0 ;
    %load/vec4 v0x2ab935c0_0;
    %flag_set/vec4 8;
    %jmp/0xz  T_2.5, 8;
    %pushi/vec4 0, 0, 2;
    %store/vec4 v0x2ab93740_0, 0, 2;
    %jmp T_2.6;
T_2.5 ;
    %load/vec4 v0x2ab933f0_0;
    %flag_set/vec4 8;
    %jmp/0xz  T_2.7, 8;
    %pushi/vec4 1, 0, 2;
    %store/vec4 v0x2ab93740_0, 0, 2;
    %jmp T_2.8;
T_2.7 ;
    %load/vec4 v0x2ab93a00_0;
    %flag_set/vec4 8;
    %jmp/0xz  T_2.9, 8;
    %pushi/vec4 2, 0, 2;
    %store/vec4 v0x2ab93740_0, 0, 2;
    %jmp T_2.10;
T_2.9 ;
    %pushi/vec4 0, 0, 2;
    %store/vec4 v0x2ab93740_0, 0, 2;
T_2.10 ;
T_2.8 ;
T_2.6 ;
    %jmp T_2.4;
T_2.1 ;
    %load/vec4 v0x2ab935c0_0;
    %flag_set/vec4 8;
    %jmp/0xz  T_2.11, 8;
    %pushi/vec4 0, 0, 2;
    %store/vec4 v0x2ab93740_0, 0, 2;
    %jmp T_2.12;
T_2.11 ;
    %load/vec4 v0x2ab933f0_0;
    %flag_set/vec4 8;
    %jmp/0xz  T_2.13, 8;
    %pushi/vec4 1, 0, 2;
    %store/vec4 v0x2ab93740_0, 0, 2;
    %jmp T_2.14;
T_2.13 ;
    %load/vec4 v0x2ab93a00_0;
    %flag_set/vec4 8;
    %jmp/0xz  T_2.15, 8;
    %pushi/vec4 2, 0, 2;
    %store/vec4 v0x2ab93740_0, 0, 2;
    %jmp T_2.16;
T_2.15 ;
    %pushi/vec4 1, 0, 2;
    %store/vec4 v0x2ab93740_0, 0, 2;
T_2.16 ;
T_2.14 ;
T_2.12 ;
    %jmp T_2.4;
T_2.2 ;
    %load/vec4 v0x2ab935c0_0;
    %flag_set/vec4 8;
    %jmp/0xz  T_2.17, 8;
    %pushi/vec4 0, 0, 2;
    %store/vec4 v0x2ab93740_0, 0, 2;
    %jmp T_2.18;
T_2.17 ;
    %load/vec4 v0x2ab933f0_0;
    %flag_set/vec4 8;
    %jmp/0xz  T_2.19, 8;
    %pushi/vec4 1, 0, 2;
    %store/vec4 v0x2ab93740_0, 0, 2;
    %jmp T_2.20;
T_2.19 ;
    %load/vec4 v0x2ab93a00_0;
    %flag_set/vec4 8;
    %jmp/0xz  T_2.21, 8;
    %pushi/vec4 2, 0, 2;
    %store/vec4 v0x2ab93740_0, 0, 2;
    %jmp T_2.22;
T_2.21 ;
    %pushi/vec4 2, 0, 2;
    %store/vec4 v0x2ab93740_0, 0, 2;
T_2.22 ;
T_2.20 ;
T_2.18 ;
    %jmp T_2.4;
T_2.4 ;
    %pop/vec4 1;
    %jmp T_2;
    .thread T_2, $push;
    .scope S_0x2ab92a70;
T_3 ;
    %wait E_0x2ab92fd0;
    %load/vec4 v0x2ab93280_0;
    %store/vec4 v0x2ab930a0_0, 0, 2;
    %load/vec4 v0x2ab935c0_0;
    %flag_set/vec4 8;
    %jmp/0xz  T_3.0, 8;
    %pushi/vec4 0, 0, 2;
    %store/vec4 v0x2ab93680_0, 0, 2;
    %pushi/vec4 1, 0, 1;
    %store/vec4 v0x2ab93500_0, 0, 1;
    %pushi/vec4 0, 0, 1;
    %store/vec4 v0x2ab93350_0, 0, 1;
    %pushi/vec4 0, 0, 1;
    %store/vec4 v0x2ab93960_0, 0, 1;
    %jmp T_3.1;
T_3.0 ;
    %load/vec4 v0x2ab933f0_0;
    %flag_set/vec4 8;
    %jmp/0xz  T_3.2, 8;
    %pushi/vec4 1, 0, 2;
    %store/vec4 v0x2ab93680_0, 0, 2;
    %pushi/vec4 0, 0, 1;
    %store/vec4 v0x2ab93500_0, 0, 1;
    %pushi/vec4 1, 0, 1;
    %store/vec4 v0x2ab93350_0, 0, 1;
    %pushi/vec4 0, 0, 1;
    %store/vec4 v0x2ab93960_0, 0, 1;
    %jmp T_3.3;
T_3.2 ;
    %load/vec4 v0x2ab93a00_0;
    %flag_set/vec4 8;
    %jmp/0xz  T_3.4, 8;
    %pushi/vec4 2, 0, 2;
    %store/vec4 v0x2ab93680_0, 0, 2;
    %pushi/vec4 0, 0, 1;
    %store/vec4 v0x2ab93500_0, 0, 1;
    %pushi/vec4 0, 0, 1;
    %store/vec4 v0x2ab93350_0, 0, 1;
    %pushi/vec4 1, 0, 1;
    %store/vec4 v0x2ab93960_0, 0, 1;
    %jmp T_3.5;
T_3.4 ;
    %load/vec4 v0x2ab93280_0;
    %store/vec4 v0x2ab93680_0, 0, 2;
    %pushi/vec4 0, 0, 1;
    %store/vec4 v0x2ab93500_0, 0, 1;
    %pushi/vec4 0, 0, 1;
    %store/vec4 v0x2ab93350_0, 0, 1;
    %pushi/vec4 0, 0, 1;
    %store/vec4 v0x2ab93960_0, 0, 1;
T_3.5 ;
T_3.3 ;
T_3.1 ;
    %jmp T_3;
    .thread T_3, $push;
    .scope S_0x2ab91e60;
T_4 ;
    %wait E_0x2ab92210;
    %load/vec4 v0x2ab92810_0;
    %addi 1, 0, 17;
    %assign/vec4 v0x2ab92810_0, 0;
    %jmp T_4;
    .thread T_4;
    .scope S_0x2ab91e60;
T_5 ;
    %wait E_0x2ab921b0;
    %load/vec4 v0x2ab92600_0;
    %dup/vec4;
    %pushi/vec4 0, 0, 2;
    %cmp/u;
    %jmp/1 T_5.0, 6;
    %dup/vec4;
    %pushi/vec4 1, 0, 2;
    %cmp/u;
    %jmp/1 T_5.1, 6;
    %pushi/vec4 255, 0, 8;
    %store/vec4 v0x2ab92280_0, 0, 8;
    %jmp T_5.3;
T_5.0 ;
    %pushi/vec4 254, 0, 8;
    %store/vec4 v0x2ab92280_0, 0, 8;
    %jmp T_5.3;
T_5.1 ;
    %pushi/vec4 253, 0, 8;
    %store/vec4 v0x2ab92280_0, 0, 8;
    %jmp T_5.3;
T_5.3 ;
    %pop/vec4 1;
    %jmp T_5;
    .thread T_5, $push;
    .scope S_0x2ab91e60;
T_6 ;
    %wait E_0x2ab92150;
    %load/vec4 v0x2ab92600_0;
    %dup/vec4;
    %pushi/vec4 0, 0, 2;
    %cmp/u;
    %jmp/1 T_6.0, 6;
    %dup/vec4;
    %pushi/vec4 1, 0, 2;
    %cmp/u;
    %jmp/1 T_6.1, 6;
    %pushi/vec4 0, 0, 4;
    %store/vec4 v0x2ab92560_0, 0, 4;
    %jmp T_6.3;
T_6.0 ;
    %pushi/vec4 0, 0, 2;
    %load/vec4 v0x2ab92380_0;
    %concat/vec4; draw_concat_vec4
    %store/vec4 v0x2ab92560_0, 0, 4;
    %jmp T_6.3;
T_6.1 ;
    %pushi/vec4 0, 0, 2;
    %load/vec4 v0x2ab92730_0;
    %concat/vec4; draw_concat_vec4
    %store/vec4 v0x2ab92560_0, 0, 4;
    %jmp T_6.3;
T_6.3 ;
    %pop/vec4 1;
    %jmp T_6;
    .thread T_6, $push;
    .scope S_0x2ab91e60;
T_7 ;
    %wait E_0x2ab920f0;
    %load/vec4 v0x2ab92560_0;
    %dup/vec4;
    %pushi/vec4 0, 0, 4;
    %cmp/u;
    %jmp/1 T_7.0, 6;
    %dup/vec4;
    %pushi/vec4 1, 0, 4;
    %cmp/u;
    %jmp/1 T_7.1, 6;
    %dup/vec4;
    %pushi/vec4 2, 0, 4;
    %cmp/u;
    %jmp/1 T_7.2, 6;
    %pushi/vec4 127, 0, 7;
    %store/vec4 v0x2ab928f0_0, 0, 7;
    %jmp T_7.4;
T_7.0 ;
    %pushi/vec4 64, 0, 7;
    %store/vec4 v0x2ab928f0_0, 0, 7;
    %jmp T_7.4;
T_7.1 ;
    %pushi/vec4 121, 0, 7;
    %store/vec4 v0x2ab928f0_0, 0, 7;
    %jmp T_7.4;
T_7.2 ;
    %pushi/vec4 36, 0, 7;
    %store/vec4 v0x2ab928f0_0, 0, 7;
    %jmp T_7.4;
T_7.4 ;
    %pop/vec4 1;
    %jmp T_7;
    .thread T_7, $push;
    .scope S_0x2ab5fd40;
T_8 ;
    %vpi_call/w 3 23 "$dumpfile", "dump.vcd" {0 0 0};
    %vpi_call/w 3 24 "$dumpvars", 32'sb00000000000000000000000000000000, S_0x2ab5fd40 {0 0 0};
    %end;
    .thread T_8;
    .scope S_0x2ab5fd40;
T_9 ;
    %pushi/vec4 0, 0, 1;
    %store/vec4 v0x2ab94a40_0, 0, 1;
T_9.0 ;
    %delay 5000, 0;
    %load/vec4 v0x2ab94a40_0;
    %inv;
    %store/vec4 v0x2ab94a40_0, 0, 1;
    %jmp T_9.0;
    %end;
    .thread T_9;
    .scope S_0x2ab5fd40;
T_10 ;
    %vpi_call/w 3 35 "$display", "Starting simulation..." {0 0 0};
    %pushi/vec4 1, 0, 1;
    %store/vec4 v0x2ab94d10_0, 0, 1;
    %pushi/vec4 0, 0, 1;
    %store/vec4 v0x2ab94bd0_0, 0, 1;
    %pushi/vec4 0, 0, 1;
    %store/vec4 v0x2ab94ae0_0, 0, 1;
    %pushi/vec4 0, 0, 1;
    %store/vec4 v0x2ab94db0_0, 0, 1;
    %delay 200000, 0;
    %pushi/vec4 0, 0, 1;
    %store/vec4 v0x2ab94d10_0, 0, 1;
    %delay 200000, 0;
    %vpi_call/w 3 46 "$display", "Test 1: Ground to First Floor (Press f_f button)" {0 0 0};
    %pushi/vec4 1, 0, 1;
    %store/vec4 v0x2ab94ae0_0, 0, 1;
    %delay 500000, 0;
    %pushi/vec4 0, 0, 1;
    %store/vec4 v0x2ab94ae0_0, 0, 1;
    %delay 1000000, 0;
    %vpi_call/w 3 51 "$display", "  Current Floor: %d, Next Floor: %d, LEDs: %b", v0x2ab93e50_0, v0x2ab94460_0, v0x2ab94890_0 {0 0 0};
    %vpi_call/w 3 54 "$display", "Test 2: First to Second Floor (Press s_f button)" {0 0 0};
    %pushi/vec4 1, 0, 1;
    %store/vec4 v0x2ab94db0_0, 0, 1;
    %delay 500000, 0;
    %pushi/vec4 0, 0, 1;
    %store/vec4 v0x2ab94db0_0, 0, 1;
    %delay 1000000, 0;
    %vpi_call/w 3 59 "$display", "  Current Floor: %d, Next Floor: %d, LEDs: %b", v0x2ab93e50_0, v0x2ab94460_0, v0x2ab94890_0 {0 0 0};
    %vpi_call/w 3 62 "$display", "Test 3: Second to Ground Floor (Press g_f button)" {0 0 0};
    %pushi/vec4 1, 0, 1;
    %store/vec4 v0x2ab94bd0_0, 0, 1;
    %delay 500000, 0;
    %pushi/vec4 0, 0, 1;
    %store/vec4 v0x2ab94bd0_0, 0, 1;
    %delay 1000000, 0;
    %vpi_call/w 3 67 "$display", "  Current Floor: %d, Next Floor: %d, LEDs: %b", v0x2ab93e50_0, v0x2ab94460_0, v0x2ab94890_0 {0 0 0};
    %vpi_call/w 3 70 "$display", "Test 4: Stay at Ground Floor (Press g_f button again)" {0 0 0};
    %pushi/vec4 1, 0, 1;
    %store/vec4 v0x2ab94bd0_0, 0, 1;
    %delay 500000, 0;
    %pushi/vec4 0, 0, 1;
    %store/vec4 v0x2ab94bd0_0, 0, 1;
    %delay 1000000, 0;
    %vpi_call/w 3 75 "$display", "  Current Floor: %d, Next Floor: %d, LEDs: %b", v0x2ab93e50_0, v0x2ab94460_0, v0x2ab94890_0 {0 0 0};
    %vpi_call/w 3 78 "$display", "Test 5: Jump from Ground to Second Floor" {0 0 0};
    %pushi/vec4 1, 0, 1;
    %store/vec4 v0x2ab94db0_0, 0, 1;
    %delay 500000, 0;
    %pushi/vec4 0, 0, 1;
    %store/vec4 v0x2ab94db0_0, 0, 1;
    %delay 1000000, 0;
    %vpi_call/w 3 83 "$display", "  Current Floor: %d, Next Floor: %d, LEDs: %b", v0x2ab93e50_0, v0x2ab94460_0, v0x2ab94890_0 {0 0 0};
    %vpi_call/w 3 85 "$display", "\012=== All tests completed successfully ===" {0 0 0};
    %vpi_call/w 3 86 "$finish" {0 0 0};
    %end;
    .thread T_10;
    .scope S_0x2ab5fd40;
T_11 ;
    %wait E_0x2ab4e450;
    %vpi_call/w 3 91 "$display", "Time=%0t | c_f=%d | n_f=%d | LEDs=%b%b%b", $time, v0x2ab93e50_0, v0x2ab94460_0, &PV<v0x2ab94890_0, 2, 1>, &PV<v0x2ab94890_0, 1, 1>, &PV<v0x2ab94890_0, 0, 1> {0 0 0};
    %jmp T_11;
    .thread T_11, $push;
# The file index is used to find the file name in the following table.
:file_names 5;
    "N/A";
    "<interactive>";
    "-";
    "testbench.sv";
    "design.sv";
